<?xml version="1.0" encoding="UTF-8"?>
<!-- Generated by org.testng.reporters.JUnitReportReporter -->
<testsuite hostname="DESKTOP-L2GP012" failures="0" tests="1" name="testcases_Runner.TC_002_Mayuri" time="24.407" errors="0" timestamp="2023-03-27T20:13:09 IST" skipped="0">
  <testcase classname="testcases_Runner.TC_002_Mayuri" name="LoginPageData" time="24.407"/>
  <system-out/>
</testsuite> <!-- testcases_Runner.TC_002_Mayuri -->
