<?xml version="1.0" encoding="UTF-8"?>
<!-- Generated by org.testng.reporters.JUnitReportReporter -->
<testsuite hostname="DESKTOP-L2GP012" failures="0" tests="1" name="testcases_Runner.TC_002" time="21.074" errors="0" timestamp="2023-03-27T23:02:28 IST" skipped="0">
  <testcase classname="testcases_Runner.TC_002" name="LoginPageData" time="21.074"/>
  <system-out/>
</testsuite> <!-- testcases_Runner.TC_002 -->
